
 Ansys Mechanical Enterprise Academic Student      


 *------------------------------------------------------------------*
 |                                                                  |
 |   W E L C O M E   T O   T H E   A N S Y S (R)  P R O G R A M     |
 |                                                                  |
 *------------------------------------------------------------------*




 ***************************************************************
 *         ANSYS MAPDL 2023 R2          LEGAL NOTICES          *
 ***************************************************************
 *                                                             *
 * Copyright 1971-2023 Ansys, Inc.  All rights reserved.       *
 * Unauthorized use, distribution or duplication is            *
 * prohibited.                                                 *
 *                                                             *
 * Ansys is a registered trademark of Ansys, Inc. or its       *
 * subsidiaries in the United States or other countries.       *
 * See the Ansys, Inc. online documentation or the Ansys, Inc. *
 * documentation CD or online help for the complete Legal      *
 * Notice.                                                     *
 *                                                             *
 ***************************************************************
 *                                                             *
 * THIS ANSYS SOFTWARE PRODUCT AND PROGRAM DOCUMENTATION       *
 * INCLUDE TRADE SECRETS AND CONFIDENTIAL AND PROPRIETARY      *
 * PRODUCTS OF ANSYS, INC., ITS SUBSIDIARIES, OR LICENSORS.    *
 * The software products and documentation are furnished by    *
 * Ansys, Inc. or its subsidiaries under a software license    *
 * agreement that contains provisions concerning               *
 * non-disclosure, copying, length and nature of use,          *
 * compliance with exporting laws, warranties, disclaimers,    *
 * limitations of liability, and remedies, and other           *
 * provisions.  The software products and documentation may be *
 * used, disclosed, transferred, or copied only in accordance  *
 * with the terms and conditions of that software license      *
 * agreement.                                                  *
 *                                                             *
 * Ansys, Inc. is a UL registered                              *
 * ISO 9001:2015 company.                                      *
 *                                                             *
 ***************************************************************
 *                                                             *
 * This product is subject to U.S. laws governing export and   *
 * re-export.                                                  *
 *                                                             *
 * For U.S. Government users, except as specifically granted   *
 * by the Ansys, Inc. software license agreement, the use,     *
 * duplication, or disclosure by the United States Government  *
 * is subject to restrictions stated in the Ansys, Inc.        *
 * software license agreement and FAR 12.212 (for non-DOD      *
 * licenses).                                                  *
 *                                                             *
 ***************************************************************

 2023 R2 
     
 Point Releases and Patches installed:   
     
 Discovery 2023 R2   
 Autodyn 2023 R2 
 SpaceClaim 2023 R2  
 CFX (includes CFD-Post) 2023 R2 
 Chemkin 2023 R2 
 EnSight 2023 R2 
 FENSAP-ICE 2023 R2  
 Fluent (includes CFD-Post) 2023 R2  
 Polyflow (includes CFD-Post) 2023 R2
 Forte (includes EnSight) 2023 R2
 TurboGrid 2023 R2   
 Motion 2023 R2  
 Aqwa 2023 R2
 Speos 2023 R2   
 Mechanical Products 2023 R2 
 Material Calibration App 2023 R2
 ACIS Geometry Interface 2023 R2 
 AutoCAD Geometry Interface 2023 R2  
 Catia, Version 4 Geometry Interface 2023 R2 
 Catia, Version 5 Geometry Interface 2023 R2 
 Catia, Version 6 Geometry Interface 2023 R2 
 Creo Elements/Direct Modeling Geometry Interface 2023 R2
 Creo Parametric Geometry Interface 2023 R2  
 Inventor Geometry Interface 2023 R2 
 JTOpen Geometry Interface 2023 R2   
 NX Geometry Interface 2023 R2   
 Parasolid Geometry Interface  2023 R2   
 Solid Edge Geometry Interface 2023 R2   
 SOLIDWORKS Geometry Interface 2023 R2   
 Academic Student 2023 R2


          *****  MAPDL COMMAND LINE ARGUMENTS  *****
  BATCH MODE REQUESTED (-b)    = NOLIST
  INPUT FILE COPY MODE (-c)    = COPY
  DISTRIBUTED MEMORY PARALLEL REQUESTED
       4 PARALLEL PROCESSES REQUESTED WITH SINGLE THREAD PER PROCESS
    TOTAL OF     4 CORES REQUESTED
  INPUT FILE NAME              = C:\Users\alyss\University\2023\ENGSCI 344\Project\_ProjectScratch\Scr76D8\dummy.dat
  OUTPUT FILE NAME             = C:\Users\alyss\University\2023\ENGSCI 344\Project\_ProjectScratch\Scr76D8\solve.out
  START-UP FILE MODE           = NOREAD
  STOP FILE MODE               = NOREAD

 RELEASE= 2023 R2              BUILD= 23.2      UP20230531   VERSION=WINDOWS x64 
 CURRENT JOBNAME=file0  17:42:11  OCT 05, 2023 CP=      0.047


 PARAMETER _DS_PROGRESS =     999.0000000    

 /INPUT FILE= ds.dat  LINE=       0



 *** NOTE ***                            CP =       0.125   TIME= 17:42:11
 The /CONFIG,NOELDB command is not valid in a distributed memory         
 parallel solution.  Command is ignored.                                 

 *GET  _WALLSTRT  FROM  ACTI  ITEM=TIME WALL  VALUE=  17.7030556    

 TITLE= 
 StructuralAnalysis--Static Structural (B5)                                    

  ACT Extensions:
      LSDYNA, 2023.2
      5f463412-bd3e-484b-87e7-cbc0a665e474, wbex
 /COM,     ANSYSMotion, 2023.2
      20180725-3f81-49eb-9f31-41364844c769, wbex
  

 SET PARAMETER DIMENSIONS ON  _WB_PROJECTSCRATCH_DIR
  TYPE=STRI  DIMENSIONS=      248        1        1

 PARAMETER _WB_PROJECTSCRATCH_DIR(1) = C:\Users\alyss\University\2023\ENGSCI 344\Project\_ProjectScratch\Scr76D8\

 SET PARAMETER DIMENSIONS ON  _WB_SOLVERFILES_DIR
  TYPE=STRI  DIMENSIONS=      248        1        1

 PARAMETER _WB_SOLVERFILES_DIR(1) = C:\Users\alyss\University\2023\ENGSCI 344\Project\StructuralAnalysis_files\dp13\SYS\MECH\

 SET PARAMETER DIMENSIONS ON  _WB_USERFILES_DIR
  TYPE=STRI  DIMENSIONS=      248        1        1

 PARAMETER _WB_USERFILES_DIR(1) = C:\Users\alyss\University\2023\ENGSCI 344\Project\StructuralAnalysis_files\user_files\
 --- Data in consistent NMM units. See Solving Units in the help system for more

 MPA UNITS SPECIFIED FOR INTERNAL    
  LENGTH      = MILLIMETERS (mm)
  MASS        = TONNE (Mg)
  TIME        = SECONDS (sec)
  TEMPERATURE = CELSIUS (C)
  TOFFSET     = 273.0
  FORCE       = NEWTON (N)
  HEAT        = MILLIJOULES (mJ)

 INPUT  UNITS ARE ALSO SET TO MPA 

 *** MAPDL - ENGINEERING ANALYSIS SYSTEM  RELEASE 2023 R2          23.2     ***
 Ansys Mechanical Enterprise Academic Student      
 01055371  VERSION=WINDOWS x64   17:42:11  OCT 05, 2023 CP=      0.141

 StructuralAnalysis--Static Structural (B5)                                    



          ***** MAPDL ANALYSIS DEFINITION (PREP7) *****
 *********** Nodes for the whole assembly ***********
 *********** Elements for Body 1 "Solid" ***********
 *********** Elements for Body 2 "Surface Body" ***********
 *********** Elements for Body 3 "Surface Body" ***********
 *********** Elements for Body 4 "Surface Body" ***********
 *********** Elements for Body 5 "Surface Body" ***********
 *********** Elements for Body 6 "Surface Body" ***********
 *********** Elements for Body 7 "Surface Body" ***********
 *********** Send User Defined Coordinate System(s) ***********
 *********** Set Reference Temperature ***********
 *********** Send Materials ***********
 *********** Send Sheet Properties ***********
 *********** Create Contact "Contact Region" ***********
             Real Constant Set For Above Contact Is 9 & 8
 *********** Fixed Supports ***********
 *********** Define Force Using Surface Effect Elements ***********


 ***** ROUTINE COMPLETED *****  CP =         1.219


 --- Number of total nodes = 98661
 --- Number of contact elements = 7373
 --- Number of spring elements = 0
 --- Number of bearing elements = 0
 --- Number of solid elements = 41905
 --- Number of condensed parts = 0
 --- Number of total elements = 49278

 *GET  _WALLBSOL  FROM  ACTI  ITEM=TIME WALL  VALUE=  17.7030556    
 ****************************************************************************
 *************************    SOLUTION       ********************************
 ****************************************************************************

 *****  MAPDL SOLUTION ROUTINE  *****


 PERFORM A STATIC ANALYSIS
  THIS WILL BE A NEW ANALYSIS

 PARAMETER _THICKRATIO =     0.000000000    

 USE SPARSE MATRIX DIRECT SOLVER

 CONTACT INFORMATION PRINTOUT LEVEL       1

 DO NOT COMBINE ELEMENT MATRIX FILES (.emat) AFTER DISTRIBUTED PARALLEL SOLUTION

 DO NOT COMBINE ELEMENT SAVE DATA FILES (.esav) AFTER DISTRIBUTED PARALLEL SOLUTION

 NLDIAG: Nonlinear diagnostics CONT option is set to ON. 
         Writing frequency : each ITERATION.

 DO NOT SAVE ANY RESTART FILES AT ALL
 ****************************************************
 ******************* SOLVE FOR LS 1 OF 1 ****************

 SELECT       FOR ITEM=TYPE COMPONENT=    
  IN RANGE        10 TO         10 STEP          1

         71  ELEMENTS (OF      49278  DEFINED) SELECTED BY  ESEL  COMMAND.

 SELECT      ALL NODES HAVING ANY ELEMENT IN ELEMENT SET.

        147 NODES (OF      98661  DEFINED) SELECTED FROM
       71 SELECTED ELEMENTS BY NSLE COMMAND.

 SPECIFIED SURFACE LOAD PRES FOR ALL SELECTED ELEMENTS  LKEY =  1   KVAL = 1
     VALUES =    0.17143        0.17143        0.17143        0.17143    

 SPECIFIED SURFACE LOAD PRES FOR ALL SELECTED ELEMENTS  LKEY =  2   KVAL = 1
     VALUES =     8.3015         8.3015         8.3015         8.3015    

 SPECIFIED SURFACE LOAD PRES FOR ALL SELECTED ELEMENTS  LKEY =  3   KVAL = 1
     VALUES =     0.0000         0.0000         0.0000         0.0000    

 ALL SELECT   FOR ITEM=NODE COMPONENT=    
  IN RANGE         1 TO      98661 STEP          1

      98661  NODES (OF      98661  DEFINED) SELECTED BY NSEL  COMMAND.

 ALL SELECT   FOR ITEM=ELEM COMPONENT=    
  IN RANGE         1 TO      67430 STEP          1

      49278  ELEMENTS (OF      49278  DEFINED) SELECTED BY  ESEL  COMMAND.

 PRINTOUT RESUMED BY /GOP

 USE       1 SUBSTEPS INITIALLY THIS LOAD STEP FOR ALL  DEGREES OF FREEDOM
 FOR AUTOMATIC TIME STEPPING:
   USE      1 SUBSTEPS AS A MAXIMUM
   USE      1 SUBSTEPS AS A MINIMUM

 TIME=  1.0000    

 ERASE THE CURRENT DATABASE OUTPUT CONTROL TABLE.


 WRITE ALL  ITEMS TO THE DATABASE WITH A FREQUENCY OF NONE
   FOR ALL APPLICABLE ENTITIES

 WRITE NSOL ITEMS TO THE DATABASE WITH A FREQUENCY OF ALL 
   FOR ALL APPLICABLE ENTITIES

 WRITE RSOL ITEMS TO THE DATABASE WITH A FREQUENCY OF ALL 
   FOR ALL APPLICABLE ENTITIES

 WRITE EANG ITEMS TO THE DATABASE WITH A FREQUENCY OF ALL 
   FOR ALL APPLICABLE ENTITIES

 WRITE ETMP ITEMS TO THE DATABASE WITH A FREQUENCY OF ALL 
   FOR ALL APPLICABLE ENTITIES

 WRITE VENG ITEMS TO THE DATABASE WITH A FREQUENCY OF ALL 
   FOR ALL APPLICABLE ENTITIES

 WRITE STRS ITEMS TO THE DATABASE WITH A FREQUENCY OF ALL 
   FOR ALL APPLICABLE ENTITIES

 WRITE EPEL ITEMS TO THE DATABASE WITH A FREQUENCY OF ALL 
   FOR ALL APPLICABLE ENTITIES

 WRITE EPPL ITEMS TO THE DATABASE WITH A FREQUENCY OF ALL 
   FOR ALL APPLICABLE ENTITIES

 WRITE CONT ITEMS TO THE DATABASE WITH A FREQUENCY OF ALL 
   FOR ALL APPLICABLE ENTITIES

 *GET  ANSINTER_  FROM  ACTI  ITEM=INT        VALUE=  0.00000000    

 *IF  ANSINTER_                         ( =   0.00000     )  NE  
      0                                 ( =   0.00000     )  THEN    

 *ENDIF

 *** NOTE ***                            CP =       1.391   TIME= 17:42:11
 The automatic domain decomposition logic has selected the MESH domain   
 decomposition method with 4 processes per solution.                     

 *****  MAPDL SOLVE    COMMAND  *****

 *** WARNING ***                         CP =       1.391   TIME= 17:42:11
 Element shape checking is currently inactive.  Issue SHPP,ON or         
 SHPP,WARN to reactivate, if desired.                                    

 *** NOTE ***                            CP =       1.594   TIME= 17:42:11
 The model data was checked and warning messages were found.             
  Please review output or errors file (                                  
 C:\Users\alyss\University\2023\ENGSCI                                   
 344\Project\_ProjectScratch\Scr76D8\file0.err ) for these warning       
 messages.                                                               

 *** SELECTION OF ELEMENT TECHNOLOGIES FOR APPLICABLE ELEMENTS ***
      --- GIVE SUGGESTIONS AND RESET THE KEY OPTIONS ---

 ELEMENT TYPE         1 IS SOLID187. IT IS NOT ASSOCIATED WITH FULLY INCOMPRESSIBLE
 HYPERELASTIC MATERIALS. NO SUGGESTION IS AVAILABLE AND NO RESETTING IS NEEDED.

 ELEMENT TYPE         2 IS SHELL281. IT IS ASSOCIATED WITH ELASTOPLASTIC 
 MATERIALS ONLY. KEYOPT(8)=2 IS SUGGESTED AND HAS BEEN RESET.
  KEYOPT(1-12)=    0    0    0    0    0    0    0    2    0    0    0    0

 ELEMENT TYPE         3 IS SHELL281. IT IS ASSOCIATED WITH ELASTOPLASTIC 
 MATERIALS ONLY. KEYOPT(8)=2 IS SUGGESTED AND HAS BEEN RESET.
  KEYOPT(1-12)=    0    0    0    0    0    0    0    2    0    0    0    0

 ELEMENT TYPE         4 IS SHELL281. IT IS ASSOCIATED WITH ELASTOPLASTIC 
 MATERIALS ONLY. KEYOPT(8)=2 IS SUGGESTED AND HAS BEEN RESET.
  KEYOPT(1-12)=    0    0    0    0    0    0    0    2    0    0    0    0

 ELEMENT TYPE         5 IS SHELL281. IT IS ASSOCIATED WITH ELASTOPLASTIC 
 MATERIALS ONLY. KEYOPT(8)=2 IS SUGGESTED AND HAS BEEN RESET.
  KEYOPT(1-12)=    0    0    0    0    0    0    0    2    0    0    0    0

 ELEMENT TYPE         6 IS SHELL281. IT IS ASSOCIATED WITH ELASTOPLASTIC 
 MATERIALS ONLY. KEYOPT(8)=2 IS SUGGESTED AND HAS BEEN RESET.
  KEYOPT(1-12)=    0    0    0    0    0    0    0    2    0    0    0    0

 ELEMENT TYPE         7 IS SHELL281. IT IS ASSOCIATED WITH ELASTOPLASTIC 
 MATERIALS ONLY. KEYOPT(8)=2 IS SUGGESTED AND HAS BEEN RESET.
  KEYOPT(1-12)=    0    0    0    0    0    0    0    2    0    0    0    0



 *** MAPDL - ENGINEERING ANALYSIS SYSTEM  RELEASE 2023 R2          23.2     ***
 Ansys Mechanical Enterprise Academic Student      
 01055371  VERSION=WINDOWS x64   17:42:11  OCT 05, 2023 CP=      1.672

 StructuralAnalysis--Static Structural (B5)                                    



                       S O L U T I O N   O P T I O N S

   PROBLEM DIMENSIONALITY. . . . . . . . . . . . .3-D                  
   DEGREES OF FREEDOM. . . . . . UX   UY   UZ   ROTX ROTY ROTZ
   ANALYSIS TYPE . . . . . . . . . . . . . . . . .STATIC (STEADY-STATE)
   OFFSET TEMPERATURE FROM ABSOLUTE ZERO . . . . .  273.15    
   EQUATION SOLVER OPTION. . . . . . . . . . . . .SPARSE             
   GLOBALLY ASSEMBLED MATRIX . . . . . . . . . . .SYMMETRIC  

 *** WARNING ***                         CP =       1.766   TIME= 17:42:12
 Material number 10 (used by element 67360) should normally have at      
 least one MP or one TB type command associated with it.  Output of      
 energy by material may not be available.                                

 *** NOTE ***                            CP =       1.797   TIME= 17:42:12
 The step data was checked and warning messages were found.              
  Please review output or errors file (                                  
 C:\Users\alyss\University\2023\ENGSCI                                   
 344\Project\_ProjectScratch\Scr76D8\file0.err ) for these warning       
 messages.                                                               

 *** NOTE ***                            CP =       4.109   TIME= 17:42:14
 Symmetric Deformable- deformable contact pair identified by real        
 constant set 8 and contact element type 8 has been set up.  The         
 companion pair has real constant set ID 9.  Both pairs should have the  
 same behavior.                                                          
 MAPDL will deactivate the current pair and keep its companion pair,     
 resulting in asymmetric contact.                                        
 MPC anywhere inside pinball may be built
 Contact algorithm: MPC based approach

 *** NOTE ***                            CP =       4.109   TIME= 17:42:14
 Contact related postprocess items (ETABLE, pressure ...) are not        
 available.                                                              
 Contact detection at: nodal point (normal to target surface)
 MPC will be built internally to handle bonded contact.
 Default influence distance FTOLN will be used.
 Average contact surface length                30.010    
 Average contact pair depth                    9.3035    
 Average target surface length                 29.633    
 User defined pinball region PINB              13.156    
 *WARNING*: The user defined pinball radius may be too small to capture  
 contacting zone under small sliding assumption.                         
 Default target edge extension factor TOLS     2.0000    
 Initial penetration/gap is excluded.
 Bonded contact (always) is defined.

 *** NOTE ***                            CP =       4.109   TIME= 17:42:14
 Min.  Initial gap 8.83983982 was detected between contact element 63575 
 and target element 67181.                                               
 Contact is detected due to initial settings.                            
  
 Max.  Geometric gap 13.1251138 has been detected between contact        
 element 64411 and target element 67135.                                 
 *WARNING*: The geometric gap/penetration may be too large.  Increase    
 pinball radius if it is a true geometric gap/penetration.  Decrease     
 pinball if it is a false one.                                           
 *WARNING*: The initial penetration/gap is relatively large.  Bonded/no  
 separation option may cause an accuracy issue.  Switch to MPC           
 algorithm or you may use the CNCHECK,ADJUST/MORPH command to move the   
 contact nodes towards the target surface.                               
 ****************************************
  

 *** NOTE ***                            CP =       4.109   TIME= 17:42:14
 Symmetric Deformable- deformable contact pair identified by real        
 constant set 9 and contact element type 8 has been set up.  The         
 companion pair has real constant set ID 8.  Both pairs should have the  
 same behavior.                                                          
 MAPDL will keep the current pair and deactivate its companion pair,     
 resulting in asymmetric contact.                                        
 MPC anywhere inside pinball may be built
 Contact algorithm: MPC based approach

 *** NOTE ***                            CP =       4.109   TIME= 17:42:14
 Contact related postprocess items (ETABLE, pressure ...) are not        
 available.                                                              
 Contact detection at: nodal point (normal to target surface)
 MPC will be built internally to handle bonded contact.
 Default influence distance FTOLN will be used.
 Average contact surface length                29.561    
 Average contact pair depth                    8.8684    
 Average target surface length                 29.908    
 User defined pinball region PINB              13.156    
 *WARNING*: The user defined pinball radius may be too small to capture  
 contacting zone under small sliding assumption.                         
 Default target edge extension factor TOLS     2.0000    
 Initial penetration/gap is excluded.
 Bonded contact (always) is defined.

 *** NOTE ***                            CP =       4.109   TIME= 17:42:14
 Min.  Initial gap 8.84183419 was detected between contact element 65726 
 and target element 61970.                                               
 Contact is detected due to initial settings.                            
  
 Max.  Geometric gap 12.6401834 has been detected between contact        
 element 64924 and target element 60363.                                 
 *WARNING*: The geometric gap/penetration may be too large.  Increase    
 pinball radius if it is a true geometric gap/penetration.  Decrease     
 pinball if it is a false one.                                           
 *WARNING*: The initial penetration/gap is relatively large.  Bonded/no  
 separation option may cause an accuracy issue.  Switch to MPC           
 algorithm or you may use the CNCHECK,ADJUST/MORPH command to move the   
 contact nodes towards the target surface.                               
 ****************************************
  
  
  

  
  
     D I S T R I B U T E D   D O M A I N   D E C O M P O S E R
  
  ...Number of elements: 49278
  ...Number of nodes:    98661
  ...Decompose to 4 CPU domains
  ...Element load balance ratio =     1.260


                      L O A D   S T E P   O P T I O N S

   LOAD STEP NUMBER. . . . . . . . . . . . . . . .     1
   TIME AT END OF THE LOAD STEP. . . . . . . . . .  1.0000    
   NUMBER OF SUBSTEPS. . . . . . . . . . . . . . .     1
   STEP CHANGE BOUNDARY CONDITIONS . . . . . . . .    NO
   PRINT OUTPUT CONTROLS . . . . . . . . . . . . .NO PRINTOUT
   DATABASE OUTPUT CONTROLS
      ITEM     FREQUENCY   COMPONENT
       ALL       NONE               
      NSOL        ALL               
      RSOL        ALL               
      EANG        ALL               
      ETMP        ALL               
      VENG        ALL               
      STRS        ALL               
      EPEL        ALL               
      EPPL        ALL               
      CONT        ALL               


 SOLUTION MONITORING INFO IS WRITTEN TO FILE= file.mntr                                                                                                                                                                                                                                                           

 *** NOTE ***                            CP =       6.359   TIME= 17:42:17
 Predictor is ON by default for structural elements with rotational      
 degrees of freedom.  Use the PRED,OFF command to turn the predictor     
 OFF if it adversely affects the convergence.                            



                         ***********  PRECISE MASS SUMMARY  ***********

   TOTAL RIGID BODY MASS MATRIX ABOUT ORIGIN
               Translational mass               |   Coupled translational/rotational mass
        0.10217        0.0000        0.0000     |     0.0000       -255.42        2.9177    
         0.0000       0.10217        0.0000     |     255.42        0.0000        73.475    
         0.0000        0.0000       0.10217     |    -2.9177       -73.475        0.0000    
     ------------------------------------------ | ------------------------------------------
                                                |         Rotational mass (inertia)
                                                |    0.85612E+06    2299.6       0.18369E+06
                                                |     2299.6       0.91277E+06   -7294.2    
                                                |    0.18369E+06   -7294.2        58122.    

   TOTAL MASS = 0.10217    
     The mass principal axes coincide with the global Cartesian axes

   CENTER OF MASS (X,Y,Z)=    719.17       -28.558       -2500.0    

   TOTAL INERTIA ABOUT CENTER OF MASS
        0.21749E+06    201.31       0.15710E-01
         201.31       0.22138E+06  -0.50794E-02
        0.15710E-01  -0.50794E-02    5197.8    
     The inertia principal axes coincide with the global Cartesian axes


  *** MASS SUMMARY BY ELEMENT TYPE ***

  TYPE      MASS
     1  0.833383E-01
     2  0.589383E-03
     3  0.589383E-03
     4  0.294692E-03
     5  0.294692E-03
     6  0.294692E-03
     7  0.167663E-01

 Range of element maximum matrix coefficients in global coordinates
 Maximum = 7267762.99 at element 19026.                                  
 Minimum = 225204.642 at element 45960.                                  

   *** ELEMENT MATRIX FORMULATION TIMES
     TYPE    NUMBER   ENAME      TOTAL CP  AVE CP

        1     27006  SOLID187      1.703   0.000063
        2       267  SHELL281      0.016   0.000059
        3       267  SHELL281      0.031   0.000117
        4       266  SHELL281      0.047   0.000176
        5       266  SHELL281      0.047   0.000176
        6       266  SHELL281      0.062   0.000235
        7     13567  SHELL281      1.719   0.000127
        8      3651  CONTA174      0.078   0.000021
        9      3651  TARGE170      0.000   0.000000
       10        71  SURF156       0.016   0.000220
 Time at end of element matrix formulation CP = 7.734375.                

 DISTRIBUTED SPARSE MATRIX DIRECT SOLVER.
  Number of equations =      422274,    Maximum wavefront =    558

 *** NOTE ***                            CP =       8.734   TIME= 17:42:20
 The initial memory allocation (-m) has been exceeded.                   
  Supplemental memory allocations are being used.                        

  Process memory allocated for solver              =   690.809 MB
  Process memory required for in-core solution     =   660.258 MB
  Process memory required for out-of-core solution =   236.704 MB

  Total memory allocated for solver                =  2759.493 MB
  Total memory required for in-core solution       =  2643.922 MB
  Total memory required for out-of-core solution   =  1034.855 MB

 *** NOTE ***                            CP =       8.734   TIME= 17:42:20
 The Distributed Sparse Matrix Solver is currently running in the        
 in-core memory mode.  This memory mode uses the most amount of memory   
 in order to avoid using the hard drive as much as possible, which most  
 often results in the fastest solution time.  This mode is recommended   
 if enough physical memory is present to accommodate all of the solver   
 data.                                                                   
 curEqn=  42334  totEqn= 107055 Job CP sec=     11.312
      Factor Done=  51% Factor Wall sec=      2.619 rate=      16.3 GFlops
 curEqn= 107055  totEqn= 107055 Job CP sec=     13.766
      Factor Done= 100% Factor Wall sec=      5.368 rate=      15.7 GFlops
 Distributed sparse solver maximum pivot= 15317826.7 at node 39529 UY.   
 Distributed sparse solver minimum pivot= 0.489920241 at node 70276 UZ.  
 Distributed sparse solver minimum pivot in absolute value= 0.489920241  
 at node 70276 UZ.                                                       

   *** ELEMENT RESULT CALCULATION TIMES
     TYPE    NUMBER   ENAME      TOTAL CP  AVE CP

        1     27006  SOLID187      1.578   0.000058
        2       267  SHELL281      0.062   0.000234
        3       267  SHELL281      0.078   0.000293
        4       266  SHELL281      0.062   0.000235
        5       266  SHELL281      0.031   0.000117
        6       266  SHELL281      0.047   0.000176
        7     13567  SHELL281      2.672   0.000197
        8      3651  CONTA174      0.062   0.000017
       10        71  SURF156       0.000   0.000000

   *** NODAL LOAD CALCULATION TIMES
     TYPE    NUMBER   ENAME      TOTAL CP  AVE CP

        1     27006  SOLID187      0.344   0.000013
        2       267  SHELL281      0.000   0.000000
        3       267  SHELL281      0.016   0.000059
        4       266  SHELL281      0.000   0.000000
        5       266  SHELL281      0.000   0.000000
        6       266  SHELL281      0.000   0.000000
        7     13567  SHELL281      0.219   0.000016
        8      3651  CONTA174      0.000   0.000000
       10        71  SURF156       0.000   0.000000
 *** LOAD STEP     1   SUBSTEP     1  COMPLETED.    CUM ITER =      1
 *** TIME =   1.00000         TIME INC =   1.00000      NEW TRIANG MATRIX


 *** MAPDL BINARY FILE STATISTICS
  BUFFER SIZE USED= 16384
        3.938 MB WRITTEN ON ELEMENT MATRIX FILE: file0.emat
        7.000 MB WRITTEN ON ELEMENT SAVED DATA FILE: file0.esav
       36.312 MB WRITTEN ON ASSEMBLED MATRIX FILE: file0.full
        8.062 MB WRITTEN ON RESULTS FILE: file0.rst
 *************** Write FE CONNECTORS *********

 WRITE OUT CONSTRAINT EQUATIONS TO FILE= file.ce                                                                                                                                                                                                                                                             
 ****************************************************
 *************** FINISHED SOLVE FOR LS 1 *************

 *GET  _WALLASOL  FROM  ACTI  ITEM=TIME WALL  VALUE=  17.7083333    

 PRINTOUT RESUMED BY /GOP

 FINISH SOLUTION PROCESSING


 ***** ROUTINE COMPLETED *****  CP =        17.000



 *** MAPDL - ENGINEERING ANALYSIS SYSTEM  RELEASE 2023 R2          23.2     ***
 Ansys Mechanical Enterprise Academic Student      
 01055371  VERSION=WINDOWS x64   17:42:30  OCT 05, 2023 CP=     17.000

 StructuralAnalysis--Static Structural (B5)                                    



          ***** MAPDL RESULTS INTERPRETATION (POST1) *****

 *** NOTE ***                            CP =      17.000   TIME= 17:42:30
 Reading results into the database (SET command) will update the current 
 displacement and force boundary conditions in the database with the     
 values from the results file for that load set.  Note that any          
 subsequent solutions will use these values unless action is taken to    
 either SAVE the current values or not overwrite them (/EXIT,NOSAVE).    

 Set Encoding of XML File to:ISO-8859-1

 Set Output of XML File to:
     PARM,     ,     ,     ,     ,     ,     ,     ,     ,     ,     ,     ,
         ,     ,     ,     ,     ,     ,     ,

 DATABASE WRITTEN ON FILE  parm.xml                                                                                                                                                                                                                                                            

 EXIT THE MAPDL POST1 DATABASE PROCESSOR


 ***** ROUTINE COMPLETED *****  CP =        17.000



 PRINTOUT RESUMED BY /GOP

 *GET  _WALLDONE  FROM  ACTI  ITEM=TIME WALL  VALUE=  17.7083333    

 PARAMETER _PREPTIME =     0.000000000    

 PARAMETER _SOLVTIME =     19.00000000    

 PARAMETER _POSTTIME =     0.000000000    

 PARAMETER _TOTALTIM =     19.00000000    

 *GET  _DLBRATIO  FROM  ACTI  ITEM=SOLU DLBR  VALUE=  1.26039311    

 *GET  _COMBTIME  FROM  ACTI  ITEM=SOLU COMB  VALUE= 0.265662800    

 *GET  _SSMODE   FROM  ACTI  ITEM=SOLU SSMM  VALUE=  2.00000000    

 *GET  _NDOFS    FROM  ACTI  ITEM=SOLU NDOF  VALUE=  422274.000    

 *GET  _SOL_END_TIME  FROM  ACTI  ITEM=SET  TIME  VALUE=  1.00000000    

 *IF  _sol_end_time                     ( =   1.00000     )  EQ  
      1.000000                          ( =   1.00000     )  THEN    

 /FCLEAN COMMAND REMOVING ALL LOCAL FILES

 *ENDIF
 --- Total number of nodes = 98661
 --- Total number of elements = 49278
 --- Element load balance ratio = 1.26039311
 --- Time to combine distributed files = 0.2656628
 --- Sparse memory mode = 2
 --- Number of DOF = 422274

 EXIT MAPDL WITHOUT SAVING DATABASE


 NUMBER OF WARNING MESSAGES ENCOUNTERED=          2
 NUMBER OF ERROR   MESSAGES ENCOUNTERED=          0

+--------------------- M A P D L   S T A T I S T I C S ------------------------+

Release: 2023 R2            Build: 23.2       Update: UP20230531   Platform: WINDOWS x64 
Date Run: 10/05/2023   Time: 17:42     Process ID: 9492
Operating System: Windows 11  (Build: 22621)

Processor Model: Intel(R) Core(TM) i7-10510U CPU @ 1.80GHz

Compiler: Intel(R) Fortran Compiler Version 19.0.5  (Build: 20190815)
          Intel(R) C/C++ Compiler Version 19.0.5  (Build: 20190815)
          Intel(R) Math Kernel Library Version 2020.0.0 Product Build 20191125
          BLAS Library supplied by Intel(R) MKL

Number of machines requested            :    1
Total number of cores available         :    8
Number of physical cores available      :    4
Number of processes requested           :    4
Number of threads per process requested :    1
Total number of cores requested         :    4 (Distributed Memory Parallel)               
MPI Type: INTELMPI
MPI Version: Intel(R) MPI Library 2021.8 for Windows* OS


GPU Acceleration: Not Requested

Job Name: file0
Input File: dummy.dat

  Core                Machine Name   Working Directory
 -----------------------------------------------------
     0              Alyssas_laptop   C:\Users\alyss\University\2023\ENGSCI 344\Project\_ProjectScratch\Scr76D8
     1              Alyssas_laptop   C:\Users\alyss\University\2023\ENGSCI 344\Project\_ProjectScratch\Scr76D8
     2              Alyssas_laptop   C:\Users\alyss\University\2023\ENGSCI 344\Project\_ProjectScratch\Scr76D8
     3              Alyssas_laptop   C:\Users\alyss\University\2023\ENGSCI 344\Project\_ProjectScratch\Scr76D8
 
Latency time from master to core     1 =    4.984 microseconds
Latency time from master to core     2 =    7.143 microseconds
Latency time from master to core     3 =    5.829 microseconds
 
Communication speed from master to core     1 =  3760.62 MB/sec
Communication speed from master to core     2 =  4041.06 MB/sec
Communication speed from master to core     3 =  4122.27 MB/sec

Total CPU time for main thread                    :       14.5 seconds
Total CPU time summed for all threads             :       17.5 seconds

Elapsed time spent obtaining a license            :        0.3 seconds
Elapsed time spent pre-processing model (/PREP7)  :        0.4 seconds
Elapsed time spent solution - preprocessing       :        3.2 seconds
Elapsed time spent computing solution             :       14.6 seconds
Elapsed time spent solution - postprocessing      :        0.3 seconds
Elapsed time spent post-processing model (/POST1) :        0.0 seconds
 
Equation solver used                              :            Sparse (symmetric)
Equation solver computational rate                :       60.2 Gflops

Sum of disk space used on all processes            :      443.6 MB

Sum of memory used on all processes               :     3397.0 MB
Sum of memory allocated on all processes          :     5986.0 MB
Physical memory available                         :         16 GB
Total amount of I/O written to disk               :        0.3 GB
Total amount of I/O read from disk                :        0.1 GB

+------------------ E N D   M A P D L   S T A T I S T I C S -------------------+


 *-----------------------------------------------------------------------------*
 |                                                                             |
 |                               RUN COMPLETED                                 |
 |                                                                             |
 |-----------------------------------------------------------------------------|
 |                                                                             |
 |  Ansys MAPDL 2023 R2         Build 23.2         UP20230531    WINDOWS x64   |
 |                                                                             |
 |-----------------------------------------------------------------------------|
 |                                                                             |
 |  Database Requested(-db)     1024 MB     Scratch Memory Requested   1024 MB |
 |  Max Database Used(Master)     77 MB     Max Scratch Used(Master)    820 MB |
 |  Max Database Used(Workers)     1 MB     Max Scratch Used(Workers)   907 MB |
 |  Sum Database Used(All)        80 MB     Sum Scratch Used(All)      3317 MB |
 |                                                                             |
 |-----------------------------------------------------------------------------|
 |                                                                             |
 |        CP Time      (sec) =         17.531       Time  =  17:42:31          |
 |        Elapsed Time (sec) =         22.000       Date  =  10/05/2023        |
 |                                                                             |
 *-----------------------------------------------------------------------------*
